nohup: ignoring input
Database connected successfully
Server started

 ┌───────────────────────────────────────────────────┐ 
 │                   Fiber v2.46.0                   │ 
 │               http://127.0.0.1:8001               │ 
 │       (bound on host 0.0.0.0 and port 8001)       │ 
 │                                                   │ 
 │ Handlers ............ 21  Processes ........... 1 │ 
 │ Prefork ....... Disabled  PID .............. 1876 │ 
 └───────────────────────────────────────────────────┘ 

Metadata:
  Content-Type: image/png
  Content-Length: 271329
  Original-Filename: Group 1vater.png
Content-Type image/png
Content-Length 271329
Original-Filename Group 1vater.png
Metadata:
  Content-Length: 362537
  Content-Type: image/jpeg
  Original-Filename: IMG-20230525-WA0004.jpg
Content-Length 362537
Content-Type image/jpeg
Original-Filename IMG-20230525-WA0004.jpg
